Arguments: 
  /usr/local/bin/node /opt/yarn-v1.22.5/bin/yarn.js install --registry=https://registry.npm.taobao.org

PATH: 
  /usr/local/sbin:/usr/local/bin:/usr/sbin:/usr/bin:/sbin:/bin

Yarn version: 
  1.22.5

Node version: 
  14.16.1

Platform: 
  linux x64

Trace: 
  Error: https://registry.npm.taobao.org/fast-json-stable-stringify/download/fast-json-stable-stringify-2.1.0.tgz: ENOENT: no such file or directory, open '/usr/local/share/.cache/yarn/v6/npm-fast-json-stable-stringify-2.1.0-874bf69c6f404c2b5d99c481341399fd55892633-integrity/node_modules/fast-json-stable-stringify/.yarn-tarball.tgz'

npm manifest: 
  {
    "name": "LXK9301",
    "version": "1.0.0",
    "description": "{**When you're done, you can delete the content in this README and update the file with details for others getting started with your repository**}",
    "main": "AlipayManor.js",
    "scripts": {
      "test": "echo \"Error: no test specified\" && exit 1"
    },
    "repository": {
      "type": "git",
      "url": "https://github.com/LXK9301/jd_scripts.git"
    },
    "keywords": [
      "京东薅羊毛工具, 京东水果、宠物、种豆等等"
    ],
    "author": "LXK9301",
    "license": "ISC",
    "dependencies": {
      "crypto-js": "^4.0.0",
      "download": "^8.0.0",
      "got": "^11.5.1",
      "http-server": "^0.12.3",
      "qrcode-terminal": "^0.12.0",
      "request": "^2.88.2",
      "tough-cookie": "^4.0.0",
      "tunnel": "0.0.6",
      "ws": "^7.4.3"
    }
  }

yarn manifest: 
  No manifest

Lockfile: 
  No lockfile
