Arguments: 
  /usr/local/bin/node /opt/yarn-v1.22.5/bin/yarn.js install --registry=https://registry.npm.taobao.org

PATH: 
  /usr/local/sbin:/usr/local/bin:/usr/sbin:/usr/bin:/sbin:/bin

Yarn version: 
  1.22.5

Node version: 
  14.16.1

Platform: 
  linux x64

Trace: 
  Error: https://registry.nlark.com/make-dir/download/make-dir-2.1.0.tgz: ESOCKETTIMEDOUT
      at ClientRequest.<anonymous> (/opt/yarn-v1.22.5/lib/cli.js:141376:19)
      at Object.onceWrapper (events.js:421:28)
      at ClientRequest.emit (events.js:315:20)
      at TLSSocket.emitRequestTimeout (_http_client.js:784:9)
      at Object.onceWrapper (events.js:421:28)
      at TLSSocket.emit (events.js:327:22)
      at TLSSocket.Socket._onTimeout (net.js:483:8)
      at listOnTimeout (internal/timers.js:554:17)
      at processTimers (internal/timers.js:497:7)

npm manifest: 
  {
    "name": "LXK9301",
    "version": "1.0.0",
    "description": "{**When you're done, you can delete the content in this README and update the file with details for others getting started with your repository**}",
    "main": "AlipayManor.js",
    "scripts": {
      "test": "echo \"Error: no test specified\" && exit 1"
    },
    "repository": {
      "type": "git",
      "url": "https://github.com/LXK9301/jd_scripts.git"
    },
    "keywords": [
      "京东薅羊毛工具, 京东水果、宠物、种豆等等"
    ],
    "author": "LXK9301",
    "license": "ISC",
    "dependencies": {
      "crypto-js": "^4.0.0",
      "download": "^8.0.0",
      "got": "^11.5.1",
      "http-server": "^0.12.3",
      "qrcode-terminal": "^0.12.0",
      "request": "^2.88.2",
      "tough-cookie": "^4.0.0",
      "tunnel": "0.0.6",
      "ws": "^7.4.3"
    }
  }

yarn manifest: 
  No manifest

Lockfile: 
  No lockfile
